<?xml version="1.0" encoding="UTF-8"?>
<!-- Generated by org.testng.reporters.JUnitReportReporter -->
<testsuite hostname="Asukabi" failures="0" tests="1" name="test.com.testR10" time="5.140" errors="0" timestamp="2023-02-28T20:04:51 CST" skipped="0">
  <testcase classname="test.com.testR10" name="Login" time="5.140"/>
  <system-out/>
</testsuite> <!-- test.com.testR10 -->
