<?xml version="1.0" encoding="UTF-8"?>
<!-- Generated by org.testng.reporters.JUnitReportReporter -->
<testsuite hostname="Asukabi" failures="0" tests="3" name="test.com.testR12" time="0.009" errors="0" timestamp="2023-02-28T20:04:30 CST" skipped="0">
  <testcase classname="test.com.testR12" name="ValidateDashboard" time="0.001"/>
  <system-out/>
  <testcase classname="test.com.testR12" name="OpenBrowser" time="0.005"/>
  <system-out/>
  <testcase classname="test.com.testR12" name="Login" time="0.003"/>
  <system-out/>
</testsuite> <!-- test.com.testR12 -->
